{"/Users/Hannah/Documents/Code/JJJH-ToDoList/logic.js":{"path":"/Users/Hannah/Documents/Code/JJJH-ToDoList/logic.js","s":{"1":1,"2":1,"3":1,"4":5,"5":1,"6":16,"7":48,"8":5,"9":5,"10":5,"11":5,"12":4,"13":12,"14":3,"15":3,"16":9,"17":3,"18":3,"19":4,"20":4,"21":12,"22":4,"23":4,"24":4,"25":9,"26":4,"27":1,"28":1},"b":{"1":[3,6],"2":[1,0]},"f":{"1":1,"2":5,"3":16,"4":48,"5":5,"6":4,"7":12,"8":3,"9":4,"10":12,"11":4,"12":9},"fnMap":{"1":{"name":"(anonymous_1)","line":8,"loc":{"start":{"line":8,"column":17},"end":{"line":8,"column":28}}},"2":{"name":"incrementCounter","line":11,"loc":{"start":{"line":11,"column":8},"end":{"line":11,"column":36}}},"3":{"name":"(anonymous_3)","line":20,"loc":{"start":{"line":20,"column":25},"end":{"line":20,"column":41}}},"4":{"name":"(anonymous_4)","line":21,"loc":{"start":{"line":21,"column":25},"end":{"line":21,"column":40}}},"5":{"name":"(anonymous_5)","line":25,"loc":{"start":{"line":25,"column":13},"end":{"line":25,"column":38}}},"6":{"name":"(anonymous_6)","line":31,"loc":{"start":{"line":31,"column":16},"end":{"line":31,"column":44}}},"7":{"name":"(anonymous_7)","line":32,"loc":{"start":{"line":32,"column":28},"end":{"line":32,"column":43}}},"8":{"name":"(anonymous_8)","line":36,"loc":{"start":{"line":36,"column":14},"end":{"line":36,"column":40}}},"9":{"name":"(anonymous_9)","line":46,"loc":{"start":{"line":46,"column":19},"end":{"line":46,"column":35}}},"10":{"name":"(anonymous_10)","line":48,"loc":{"start":{"line":48,"column":20},"end":{"line":48,"column":35}}},"11":{"name":"(anonymous_11)","line":53,"loc":{"start":{"line":53,"column":17},"end":{"line":53,"column":33}}},"12":{"name":"(anonymous_12)","line":55,"loc":{"start":{"line":55,"column":20},"end":{"line":55,"column":35}}}},"statementMap":{"1":{"start":{"line":5,"column":0},"end":{"line":60,"column":2}},"2":{"start":{"line":9,"column":8},"end":{"line":9,"column":26}},"3":{"start":{"line":11,"column":8},"end":{"line":13,"column":9}},"4":{"start":{"line":12,"column":12},"end":{"line":12,"column":36}},"5":{"start":{"line":15,"column":8},"end":{"line":15,"column":32}},"6":{"start":{"line":21,"column":8},"end":{"line":23,"column":11}},"7":{"start":{"line":22,"column":12},"end":{"line":22,"column":52}},"8":{"start":{"line":26,"column":8},"end":{"line":26,"column":62}},"9":{"start":{"line":27,"column":8},"end":{"line":27,"column":48}},"10":{"start":{"line":28,"column":8},"end":{"line":28,"column":29}},"11":{"start":{"line":29,"column":8},"end":{"line":29,"column":38}},"12":{"start":{"line":32,"column":8},"end":{"line":34,"column":10}},"13":{"start":{"line":33,"column":12},"end":{"line":33,"column":41}},"14":{"start":{"line":37,"column":8},"end":{"line":37,"column":62}},"15":{"start":{"line":38,"column":8},"end":{"line":42,"column":9}},"16":{"start":{"line":39,"column":12},"end":{"line":41,"column":13}},"17":{"start":{"line":40,"column":16},"end":{"line":40,"column":49}},"18":{"start":{"line":43,"column":8},"end":{"line":43,"column":22}},"19":{"start":{"line":47,"column":8},"end":{"line":47,"column":62}},"20":{"start":{"line":48,"column":8},"end":{"line":50,"column":10}},"21":{"start":{"line":49,"column":12},"end":{"line":49,"column":34}},"22":{"start":{"line":51,"column":8},"end":{"line":51,"column":21}},"23":{"start":{"line":54,"column":8},"end":{"line":54,"column":62}},"24":{"start":{"line":55,"column":8},"end":{"line":57,"column":10}},"25":{"start":{"line":56,"column":12},"end":{"line":56,"column":30}},"26":{"start":{"line":58,"column":8},"end":{"line":58,"column":21}},"27":{"start":{"line":63,"column":0},"end":{"line":65,"column":1}},"28":{"start":{"line":64,"column":4},"end":{"line":64,"column":35}}},"branchMap":{"1":{"line":39,"type":"if","locations":[{"start":{"line":39,"column":12},"end":{"line":39,"column":12}},{"start":{"line":39,"column":12},"end":{"line":39,"column":12}}]},"2":{"line":63,"type":"if","locations":[{"start":{"line":63,"column":0},"end":{"line":63,"column":0}},{"start":{"line":63,"column":0},"end":{"line":63,"column":0}}]}}}}