TN:
SF:/Users/Hannah/Documents/Code/JJJH-ToDoList/logic.js
FN:8,(anonymous_1)
FN:11,incrementCounter
FN:20,(anonymous_3)
FN:21,(anonymous_4)
FN:25,(anonymous_5)
FN:31,(anonymous_6)
FN:32,(anonymous_7)
FN:36,(anonymous_8)
FN:46,(anonymous_9)
FN:48,(anonymous_10)
FN:53,(anonymous_11)
FN:55,(anonymous_12)
FNF:12
FNH:12
FNDA:1,(anonymous_1)
FNDA:5,incrementCounter
FNDA:16,(anonymous_3)
FNDA:48,(anonymous_4)
FNDA:5,(anonymous_5)
FNDA:4,(anonymous_6)
FNDA:12,(anonymous_7)
FNDA:3,(anonymous_8)
FNDA:4,(anonymous_9)
FNDA:12,(anonymous_10)
FNDA:4,(anonymous_11)
FNDA:9,(anonymous_12)
DA:5,1
DA:9,1
DA:11,1
DA:12,5
DA:15,1
DA:21,16
DA:22,48
DA:26,5
DA:27,5
DA:28,5
DA:29,5
DA:32,4
DA:33,12
DA:37,3
DA:38,3
DA:39,9
DA:40,3
DA:43,3
DA:47,4
DA:48,4
DA:49,12
DA:51,4
DA:54,4
DA:55,4
DA:56,9
DA:58,4
DA:63,1
DA:64,1
LF:28
LH:28
BRDA:39,1,0,3
BRDA:39,1,1,6
BRDA:63,2,0,1
BRDA:63,2,1,0
BRF:4
BRH:3
end_of_record
